#
# There is insufficient memory for the Java Runtime Environment to continue.
# Native memory allocation (mmap) failed to map 4161536 bytes. Error detail: G1 virtual space
# Possible reasons:
#   The system is out of physical RAM or swap space
#   This process is running with CompressedOops enabled, and the Java Heap may be blocking the growth of the native heap
# Possible solutions:
#   Reduce memory load on the system
#   Increase physical memory or swap space
#   Check if swap backing store is full
#   Decrease Java heap size (-Xmx/-Xms)
#   Decrease number of Java threads
#   Decrease Java thread stack sizes (-Xss)
#   Set larger code cache with -XX:ReservedCodeCacheSize=
#   JVM is running with Zero Based Compressed Oops mode in which the Java heap is
#     placed in the first 32GB address space. The Java Heap base address is the
#     maximum limit for the native heap growth. Please use -XX:HeapBaseMinAddress
#     to set the Java Heap base and to place the Java Heap above 32GB virtual address.
# This output file may be truncated or incomplete.
#
#  Out of Memory Error (os_windows.cpp:3898), pid=44444, tid=39676
#
# JRE version:  (21.0.7) (build )
# Java VM: OpenJDK 64-Bit Server VM (21.0.7+-13880790-b1038.58, mixed mode, sharing, tiered, compressed oops, compressed class ptrs, g1 gc, windows-amd64)
# No core dump will be written. Minidumps are not enabled by default on client versions of Windows
#

---------------  S U M M A R Y ------------

Command Line: 

Host: Intel(R) Core(TM) i5-10310U CPU @ 1.70GHz, 8 cores, 15G,  Windows 11 , 64 bit Build 26100 (10.0.26100.8246)
Time: Tue May 12 08:34:18 2026 Pakistan Standard Time elapsed time: 2.375638 seconds (0d 0h 0m 2s)

---------------  T H R E A D  ---------------

Current thread (0x000001456772a500):  JavaThread "Unknown thread" [_thread_in_vm, id=39676, stack(0x00000011e9d00000,0x00000011e9e00000) (1024K)]

Stack: [0x00000011e9d00000,0x00000011e9e00000]
Native frames: (J=compiled Java code, j=interpreted, Vv=VM code, C=native code)
V  [jvm.dll+0x6d25c9]
V  [jvm.dll+0x860923]
V  [jvm.dll+0x862e7e]
V  [jvm.dll+0x863563]
V  [jvm.dll+0x27f156]
V  [jvm.dll+0x6ceee5]
V  [jvm.dll+0x6c29aa]
V  [jvm.dll+0x355ebb]
V  [jvm.dll+0x35db16]
V  [jvm.dll+0x3afb2b]
V  [jvm.dll+0x3afde8]
V  [jvm.dll+0x32855c]
V  [jvm.dll+0x32924b]
V  [jvm.dll+0x828379]
V  [jvm.dll+0x3bcce8]
V  [jvm.dll+0x811628]
V  [jvm.dll+0x45121e]
V  [jvm.dll+0x452981]
C  [jli.dll+0x52ab]
C  [ucrtbase.dll+0x37b0]
C  [KERNEL32.DLL+0x2e8d7]
C  [ntdll.dll+0x8c3fc]


---------------  P R O C E S S  ---------------

Threads class SMR info:
_java_thread_list=0x00007ffaf04a4888, length=0, elements={
}

Java Threads: ( => current thread )
Total: 0

Other Threads:
  0x0000014569b1abd0 WorkerThread "GC Thread#0"                     [id=13772, stack(0x00000011e9e00000,0x00000011e9f00000) (1024K)]
  0x0000014569b2b830 ConcurrentGCThread "G1 Main Marker"            [id=17104, stack(0x00000011e9f00000,0x00000011ea000000) (1024K)]
  0x0000014569b2cb40 WorkerThread "G1 Conc#0"                       [id=34592, stack(0x00000011ea000000,0x00000011ea100000) (1024K)]

[error occurred during error reporting (printing all threads), id 0xc0000005, EXCEPTION_ACCESS_VIOLATION (0xc0000005) at pc=0x00007ffaefc9b5b7]
VM state: not at safepoint (not fully initialized)

VM Mutex/Monitor currently owned by a thread:  ([mutex/lock_event])
[0x00007ffaf0511568] Heap_lock - owner thread: 0x000001456772a500

Heap address: 0x0000000703800000, size: 4040 MB, Compressed Oops mode: Zero based, Oop shift amount: 3

CDS archive(s) mapped at: [0x0000000000000000-0x0000000000000000-0x0000000000000000), size 0, SharedBaseAddress: 0x0000000800000000, ArchiveRelocationMode: 1.
Narrow klass base: 0x0000000000000000, Narrow klass shift: 0, Narrow klass range: 0x0

GC Precious Log:
 CardTable entry size: 512
 Card Set container configuration: InlinePtr #cards 4 size 8 Array Of Cards #cards 16 size 48 Howl #buckets 8 coarsen threshold 3686 Howl Bitmap #cards 512 size 80 coarsen threshold 460 Card regions per heap region 1 cards per card region 4096

Heap:
 garbage-first heap   total 0K, used 0K [0x0000000703800000, 0x0000000800000000)
  region size 2048K, 0 young (0K), 0 survivors (0K)
 Metaspace       used 0K, committed 0K, reserved 0K
  class space    used 0K, committed 0K, reserved 0K

Heap Regions: E=young(eden), S=young(survivor), O=old, HS=humongous(starts), HC=humongous(continues), CS=collection set, F=free, TAMS=top-at-mark-start, PB=parsable bottom

Card table byte_map: [0x000001457c730000,0x000001457cf20000] _byte_map_base: 0x0000014578f14000

Marking Bits: (CMBitMap*) 0x0000014569b1b2d0
 Bits: [0x0000014500000000, 0x0000014503f20000)

GC Heap History (0 events):
No events

Dll operation events (1 events):
Event: 0.043 Loaded shared library C:\Program Files\Android\Android Studio\jbr\bin\java.dll

Deoptimization events (0 events):
No events

Classes loaded (0 events):
No events

Classes unloaded (0 events):
No events

Classes redefined (0 events):
No events

Internal exceptions (0 events):
No events

ZGC Phase Switch (0 events):
No events

VM Operations (0 events):
No events

Memory protections (0 events):
No events

Nmethod flushes (0 events):
No events

Events (0 events):
No events


Dynamic libraries:
0x00007ff66ed60000 - 0x00007ff66ed6a000 	C:\Program Files\Android\Android Studio\jbr\bin\java.EXE
0x00007ffb84840000 - 0x00007ffb84aa7000 	C:\WINDOWS\SYSTEM32\ntdll.dll
0x00007ffb82b40000 - 0x00007ffb82c09000 	C:\WINDOWS\System32\KERNEL32.DLL
0x00007ffb81980000 - 0x00007ffb81d74000 	C:\WINDOWS\System32\KERNELBASE.dll
0x00007ffb82480000 - 0x00007ffb825cb000 	C:\WINDOWS\System32\ucrtbase.dll
0x00007ffb5f5c0000 - 0x00007ffb5f5d8000 	C:\Program Files\Android\Android Studio\jbr\bin\jli.dll
0x00007ffb82ce0000 - 0x00007ffb82ea5000 	C:\WINDOWS\System32\USER32.dll
0x00007ffb81e30000 - 0x00007ffb81e57000 	C:\WINDOWS\System32\win32u.dll
0x00007ffb83d20000 - 0x00007ffb83d4b000 	C:\WINDOWS\System32\GDI32.dll
0x00007ffb71ff0000 - 0x00007ffb7200b000 	C:\Program Files\Android\Android Studio\jbr\bin\VCRUNTIME140.dll
0x00007ffb82350000 - 0x00007ffb8247b000 	C:\WINDOWS\System32\gdi32full.dll
0x00007ffb821e0000 - 0x00007ffb82283000 	C:\WINDOWS\System32\msvcp_win.dll
0x00007ffb67390000 - 0x00007ffb67623000 	C:\WINDOWS\WinSxS\amd64_microsoft.windows.common-controls_6595b64144ccf1df_6.0.26100.8115_none_3e075c82e3354f9c\COMCTL32.dll
0x00007ffb825d0000 - 0x00007ffb82679000 	C:\WINDOWS\System32\msvcrt.dll
0x00007ffb83e30000 - 0x00007ffb83e62000 	C:\WINDOWS\System32\IMM32.DLL
0x00007ffb71fe0000 - 0x00007ffb71fec000 	C:\Program Files\Android\Android Studio\jbr\bin\vcruntime140_1.dll
0x00007ffb3a310000 - 0x00007ffb3a39d000 	C:\Program Files\Android\Android Studio\jbr\bin\msvcp140.dll
0x00007ffaef960000 - 0x00007ffaf05ee000 	C:\Program Files\Android\Android Studio\jbr\bin\server\jvm.dll
0x00007ffb83260000 - 0x00007ffb83316000 	C:\WINDOWS\System32\ADVAPI32.dll
0x00007ffb82c10000 - 0x00007ffb82cb7000 	C:\WINDOWS\System32\sechost.dll
0x00007ffb83090000 - 0x00007ffb831a8000 	C:\WINDOWS\System32\RPCRT4.dll
0x00007ffb829a0000 - 0x00007ffb82a20000 	C:\WINDOWS\System32\WS2_32.dll
0x00007ffb80f70000 - 0x00007ffb80fce000 	C:\WINDOWS\SYSTEM32\POWRPROF.dll
0x00007ffb69310000 - 0x00007ffb69346000 	C:\WINDOWS\SYSTEM32\WINMM.dll
0x00007ffb750d0000 - 0x00007ffb750db000 	C:\WINDOWS\SYSTEM32\VERSION.dll
0x00007ffb80f50000 - 0x00007ffb80f64000 	C:\WINDOWS\SYSTEM32\UMPDC.dll
0x00007ffb7fe60000 - 0x00007ffb7fe7b000 	C:\WINDOWS\SYSTEM32\kernel.appcore.dll
0x00007ffb71fd0000 - 0x00007ffb71fda000 	C:\Program Files\Android\Android Studio\jbr\bin\jimage.dll
0x00007ffb7eab0000 - 0x00007ffb7ecf2000 	C:\WINDOWS\SYSTEM32\DBGHELP.DLL
0x00007ffb83990000 - 0x00007ffb83d12000 	C:\WINDOWS\System32\combase.dll
0x00007ffb83d50000 - 0x00007ffb83e28000 	C:\WINDOWS\System32\OLEAUT32.dll
0x00007ffb5aaf0000 - 0x00007ffb5ab2b000 	C:\WINDOWS\SYSTEM32\dbgcore.DLL
0x00007ffb81d80000 - 0x00007ffb81e25000 	C:\WINDOWS\System32\bcryptPrimitives.dll
0x00007ffb6a960000 - 0x00007ffb6a980000 	C:\Program Files\Android\Android Studio\jbr\bin\java.dll

dbghelp: loaded successfully - version: 4.0.5 - missing functions: none
symbol engine: initialized successfully - sym options: 0x614 - pdb path: .;C:\Program Files\Android\Android Studio\jbr\bin;C:\WINDOWS\SYSTEM32;C:\WINDOWS\WinSxS\amd64_microsoft.windows.common-controls_6595b64144ccf1df_6.0.26100.8115_none_3e075c82e3354f9c;C:\Program Files\Android\Android Studio\jbr\bin\server

VM Arguments:
java_command: <unknown>
java_class_path (initial): <not set>
Launcher Type: SUN_STANDARD

[Global flags]
     intx CICompilerCount                          = 4                                         {product} {ergonomic}
     uint ConcGCThreads                            = 2                                         {product} {ergonomic}
     uint G1ConcRefinementThreads                  = 8                                         {product} {ergonomic}
   size_t G1HeapRegionSize                         = 2097152                                   {product} {ergonomic}
    uintx GCDrainStackTargetSize                   = 64                                        {product} {ergonomic}
   size_t InitialHeapSize                          = 266338304                                 {product} {ergonomic}
   size_t MarkStackSize                            = 4194304                                   {product} {ergonomic}
   size_t MaxHeapSize                              = 4236247040                                {product} {ergonomic}
   size_t MinHeapDeltaBytes                        = 2097152                                   {product} {ergonomic}
   size_t MinHeapSize                              = 8388608                                   {product} {ergonomic}
    uintx NonNMethodCodeHeapSize                   = 5839372                                {pd product} {ergonomic}
    uintx NonProfiledCodeHeapSize                  = 122909434                              {pd product} {ergonomic}
    uintx ProfiledCodeHeapSize                     = 122909434                              {pd product} {ergonomic}
    uintx ReservedCodeCacheSize                    = 251658240                              {pd product} {ergonomic}
     bool SegmentedCodeCache                       = true                                      {product} {ergonomic}
   size_t SoftMaxHeapSize                          = 4236247040                             {manageable} {ergonomic}
     bool UseCompressedOops                        = true                           {product lp64_product} {ergonomic}
     bool UseG1GC                                  = true                                      {product} {ergonomic}
     bool UseLargePagesIndividualAllocation        = false                                  {pd product} {ergonomic}

Logging:
Log output configuration:
 #0: stdout all=warning uptime,level,tags foldmultilines=false
 #1: stderr all=off uptime,level,tags foldmultilines=false

Environment Variables:
PATH=C:\Program Files\Common Files\Oracle\Java\javapath;C:\WINDOWS\system32;C:\WINDOWS;C:\WINDOWS\System32\Wbem;C:\WINDOWS\System32\WindowsPowerShell\v1.0\;C:\WINDOWS\System32\OpenSSH\;C:\Program Files\nodejs\;C:\flutter\bin;C:\Program Files\Git\bin;C:\Program Files (x86)\Windows Kits\10\Windows Performance Toolkit\;C:\Program Files\Cloudflare\Cloudflare WARP\;C:\Program Files\PostgreSQL\18\bin;;C:\Program Files\Docker\Docker\resources\bin;C:\Users\Hp\AppData\Local\Microsoft\WindowsApps;C:\Users\Hp\AppData\Roaming\npm;C:\Users\Hp\AppData\Local\Programs\Microsoft VS Code\bin;C:\Users\Hp\AppData\Local\Python\bin;C:\flutter\bin\mingit\cmd
USERNAME=Hp
OS=Windows_NT
PROCESSOR_IDENTIFIER=Intel64 Family 6 Model 142 Stepping 12, GenuineIntel
TMP=C:\Users\Hp\AppData\Local\Temp
TEMP=C:\Users\Hp\AppData\Local\Temp




Periodic native trim disabled

JNI global refs:
JNI global refs: 0, weak refs: 0

JNI global refs memory usage: 0, weak refs: 0

Process memory usage:
Resident Set Size: 12932K (0% of 16545128K total physical memory with 940496K free physical memory)

OOME stack traces (most recent first):
Classloader memory used:

---------------  S Y S T E M  ---------------

OS:
 Windows 11 , 64 bit Build 26100 (10.0.26100.8246)
OS uptime: 23 days 21:13 hours
Hyper-V role detected

CPU: total 8 (initial active 8) (4 cores per cpu, 2 threads per core) family 6 model 142 stepping 12 microcode 0x100, cx8, cmov, fxsr, ht, mmx, 3dnowpref, sse, sse2, sse3, ssse3, sse4.1, sse4.2, popcnt, lzcnt, tsc, tscinvbit, avx, avx2, aes, erms, clmul, bmi1, bmi2, adx, fma, vzeroupper, clflush, clflushopt, hv, rdtscp, f16c
Processor Information for the first 8 processors :
  Max Mhz: 2208, Current Mhz: 1706, Mhz Limit: 1700

Memory: 4k page, system-wide physical 16157M (918M free)
TotalPageFile size 35462M (AvailPageFile size 5M)
current process WorkingSet (physical memory assigned to process): 12M, peak: 12M
current process commit charge ("private bytes"): 314M, peak: 318M

vm_info: OpenJDK 64-Bit Server VM (21.0.7+-13880790-b1038.58) for windows-amd64 JRE (21.0.7+-13880790-b1038.58), built on 2025-08-04T20:56:21Z by "builder" with MS VC++ 16.10 / 16.11 (VS2019)

END.
